<?xml version="1.0" encoding="UTF-8"?>
<!-- Generated by org.testng.reporters.JUnitReportReporter -->
<testsuite hostname="DESKTOP-G74HI41" failures="0" tests="2" name="com.nexsoft.testng.frontpage.FrontpageTest" time="1.492" errors="0" timestamp="2022-06-14T10:35:10 WIB" skipped="0">
  <testcase classname="com.nexsoft.testng.frontpage.FrontpageTest" name="login" time="1.491"/>
  <system-out/>
  <testcase classname="com.nexsoft.testng.frontpage.FrontpageTest" name="setLanguage" time="0.001"/>
  <system-out/>
</testsuite> <!-- com.nexsoft.testng.frontpage.FrontpageTest -->
