<?xml version="1.0" encoding="UTF-8"?>
<!-- Generated by org.testng.reporters.JUnitReportReporter -->
<testsuite hostname="DESKTOP-G74HI41" failures="0" tests="7" name="com.nexsoft.testng.dashboard.CRUDBuilderTest" time="3.941" errors="0" timestamp="2022-06-14T13:05:18 WIB" skipped="0">
  <testcase classname="com.nexsoft.testng.dashboard.CRUDBuilderTest" name="login" time="1.491"/>
  <system-out/>
  <testcase classname="com.nexsoft.testng.dashboard.CRUDBuilderTest" name="cobaDulu" time="0.006"/>
  <system-out/>
  <testcase classname="com.nexsoft.testng.dashboard.CRUDBuilderTest" name="cobaDulu" time="0.006"/>
  <system-out/>
  <testcase classname="com.nexsoft.testng.dashboard.CRUDBuilderTest" name="cobaDulu" time="0.006"/>
  <system-out/>
  <testcase classname="com.nexsoft.testng.dashboard.CRUDBuilderTest" name="getUsername2" time="0.019"/>
  <system-out/>
  <testcase classname="com.nexsoft.testng.dashboard.CRUDBuilderTest" name="getUsername" time="0.033"/>
  <system-out/>
  <testcase classname="com.nexsoft.testng.dashboard.CRUDBuilderTest" name="createData" time="2.380"/>
  <system-out/>
</testsuite> <!-- com.nexsoft.testng.dashboard.CRUDBuilderTest -->
