<?xml version="1.0" encoding="UTF-8"?>
<!-- Generated by org.testng.reporters.JUnitReportReporter -->
<testsuite hostname="DESKTOP-G74HI41" failures="0" tests="1" name="com.nexsoft.testng.CreateRecordWithExcel" time="1.311" errors="0" timestamp="2022-06-14T09:49:13 WIB" skipped="0">
  <testcase classname="com.nexsoft.testng.CreateRecordWithExcel" name="login" time="1.311"/>
  <system-out/>
</testsuite> <!-- com.nexsoft.testng.CreateRecordWithExcel -->
