<?xml version="1.0" encoding="UTF-8"?>
<!-- Generated by org.testng.reporters.JUnitReportReporter -->
<testsuite hostname="DESKTOP-G74HI41" failures="0" tests="7" name="com.nexsoft.testng.dashboard.CRUDBuilderTest" time="4.557" errors="0" timestamp="2022-06-14T14:20:27 WIB" skipped="0">
  <testcase classname="com.nexsoft.testng.dashboard.CRUDBuilderTest" name="cobaDulu" time="0.003"/>
  <system-out>
    <![CDATA[Nama: Dewabrata Email: dewabrata@gmail.com Alamat: Bogor]]>
  </system-out>
  <testcase classname="com.nexsoft.testng.dashboard.CRUDBuilderTest" name="cobaDulu" time="0.003"/>
  <system-out>
    <![CDATA[Nama: Wiwin Email: wiwin@nexsoft Alamat: Jakarta]]>
  </system-out>
  <testcase classname="com.nexsoft.testng.dashboard.CRUDBuilderTest" name="login" time="1.742"/>
  <system-out/>
  <testcase classname="com.nexsoft.testng.dashboard.CRUDBuilderTest" name="cobaDulu" time="0.004"/>
  <system-out>
    <![CDATA[Nama: Eka Email: eka@nexsoft.com Alamat: Jakarta]]>
  </system-out>
  <testcase classname="com.nexsoft.testng.dashboard.CRUDBuilderTest" name="getUsername" time="0.034"/>
  <system-out/>
  <testcase classname="com.nexsoft.testng.dashboard.CRUDBuilderTest" name="createData" time="2.753"/>
  <system-out/>
  <testcase classname="com.nexsoft.testng.dashboard.CRUDBuilderTest" name="getUsername2" time="0.018"/>
  <system-out/>
</testsuite> <!-- com.nexsoft.testng.dashboard.CRUDBuilderTest -->
